<?xml version="1.0" encoding="UTF-8" ?>
<testsuite tests="7" failures="0" name="top.myfss.lawedu.service.StudentServiceTest" time="3.321" errors="0" skipped="0">
  <properties>
[...]
</properties>
  <testcase classname="top.myfss.lawedu.service.StudentServiceTest" name="getExamInfo" time="0.016"/>
  <testcase classname="top.myfss.lawedu.service.StudentServiceTest" name="getStudentInfo" time="0"/>
  <testcase classname="top.myfss.lawedu.service.StudentServiceTest" name="getAssignmentList" time="0.002"/>
  <testcase classname="top.myfss.lawedu.service.StudentServiceTest" name="getExamQuestionList" time="3.255"/>
  <testcase classname="top.myfss.lawedu.service.StudentServiceTest" name="getBidProjectList" time="0.002"/>
  <testcase classname="top.myfss.lawedu.service.StudentServiceTest" name="checkExamQuestion" time="0.043"/>
  <testcase classname="top.myfss.lawedu.service.StudentServiceTest" name="getCertificateInfo" time="0.003"/>
</testsuite>